<?xml version="1.0" encoding="UTF-8"?>
<testsuite name="GameWithClassesTest" tests="3" skipped="0" failures="0" errors="0" timestamp="2022-10-24T08:16:51" hostname="MacBook-Pro.local" time="0.03">
  <properties/>
  <testcase name="stringToArray" classname="GameWithClassesTest" time="0.022"/>
  <testcase name="printBoardWithToString" classname="GameWithClassesTest" time="0.002"/>
  <testcase name="draw" classname="GameWithClassesTest" time="0.002"/>
  <system-out><![CDATA[]]></system-out>
  <system-err><![CDATA[]]></system-err>
</testsuite>
