<?xml version="1.0" encoding="UTF-8"?>
<testsuite name="TestXO" tests="3" skipped="0" failures="0" errors="0" timestamp="2022-09-06T15:17:10" hostname="MacBook-Pro.local" time="0.012">
  <properties/>
  <testcase name="TicTacToe - winX" classname="TestXO" time="0.009"/>
  <testcase name="TicTacToe - win0" classname="TestXO" time="0.0"/>
  <testcase name="TicTacToe - draw" classname="TestXO" time="0.0"/>
  <system-out><![CDATA[First player won
First player won
First player won
Second player won
Draw!
]]></system-out>
  <system-err><![CDATA[]]></system-err>
</testsuite>
