<?xml version="1.0" encoding="UTF-8"?>
<testsuite name="BoardTest" tests="6" skipped="0" failures="0" errors="0" timestamp="2022-09-11T11:18:53" hostname="MacBook-Pro.local" time="0.029">
  <properties/>
  <testcase name="print 3x3" classname="BoardTest" time="0.011"/>
  <testcase name="is true board" classname="BoardTest" time="0.008"/>
  <testcase name="is false board" classname="BoardTest" time="0.001"/>
  <testcase name="is fill" classname="BoardTest" time="0.0"/>
  <testcase name="point" classname="BoardTest" time="0.002"/>
  <testcase name="isRightMove" classname="BoardTest" time="0.0"/>
  <system-out><![CDATA[|   |
|   |
|   |
|   |
|   |
|   |
]]></system-out>
  <system-err><![CDATA[]]></system-err>
</testsuite>
