<?xml version="1.0" encoding="UTF-8"?>
<testsuite name="MultiGameWithClassesTest" tests="7" skipped="0" failures="0" errors="0" timestamp="2022-11-21T04:01:50" hostname="MacBook-Pro.local" time="0.045">
  <properties/>
  <testcase name="stringToArray" classname="MultiGameWithClassesTest" time="0.019"/>
  <testcase name="printBoardWithToString" classname="MultiGameWithClassesTest" time="0.002"/>
  <testcase name="boardFromLine" classname="MultiGameWithClassesTest" time="0.0"/>
  <testcase name="getFromPoint" classname="MultiGameWithClassesTest" time="0.011"/>
  <testcase name="getFromArray" classname="MultiGameWithClassesTest" time="0.001"/>
  <testcase name="getOrNull" classname="MultiGameWithClassesTest" time="0.0"/>
  <testcase name="setAndCopy" classname="MultiGameWithClassesTest" time="0.001"/>
  <system-out><![CDATA[]]></system-out>
  <system-err><![CDATA[]]></system-err>
</testsuite>
